Determining if the pthread_create exist failed with the following output:
Change Dir: /home/yyg/code/lidarCode/build/CMakeFiles/CMakeTmp

Run Build Command:"/usr/bin/make" "cmTC_91c3e/fast"
/usr/bin/make -f CMakeFiles/cmTC_91c3e.dir/build.make CMakeFiles/cmTC_91c3e.dir/build
make[1]: Entering directory '/home/yyg/code/lidarCode/build/CMakeFiles/CMakeTmp'
Building C object CMakeFiles/cmTC_91c3e.dir/CheckSymbolExists.c.o
/usr/bin/cc     -o CMakeFiles/cmTC_91c3e.dir/CheckSymbolExists.c.o   -c /home/yyg/code/lidarCode/build/CMakeFiles/CMakeTmp/CheckSymbolExists.c
Linking C executable cmTC_91c3e
/usr/bin/cmake -E cmake_link_script CMakeFiles/cmTC_91c3e.dir/link.txt --verbose=1
/usr/bin/cc       CMakeFiles/cmTC_91c3e.dir/CheckSymbolExists.c.o  -o cmTC_91c3e -rdynamic 
CMakeFiles/cmTC_91c3e.dir/CheckSymbolExists.c.o：在函数‘main’中：
CheckSymbolExists.c:(.text+0x16)：对‘pthread_create’未定义的引用
collect2: error: ld returned 1 exit status
CMakeFiles/cmTC_91c3e.dir/build.make:97: recipe for target 'cmTC_91c3e' failed
make[1]: *** [cmTC_91c3e] Error 1
make[1]: Leaving directory '/home/yyg/code/lidarCode/build/CMakeFiles/CMakeTmp'
Makefile:126: recipe for target 'cmTC_91c3e/fast' failed
make: *** [cmTC_91c3e/fast] Error 2

File /home/yyg/code/lidarCode/build/CMakeFiles/CMakeTmp/CheckSymbolExists.c:
/* */
#include <pthread.h>

int main(int argc, char** argv)
{
  (void)argv;
#ifndef pthread_create
  return ((int*)(&pthread_create))[argc];
#else
  (void)argc;
  return 0;
#endif
}

Determining if the function pthread_create exists in the pthreads failed with the following output:
Change Dir: /home/yyg/code/lidarCode/build/CMakeFiles/CMakeTmp

Run Build Command:"/usr/bin/make" "cmTC_7cb0a/fast"
/usr/bin/make -f CMakeFiles/cmTC_7cb0a.dir/build.make CMakeFiles/cmTC_7cb0a.dir/build
make[1]: Entering directory '/home/yyg/code/lidarCode/build/CMakeFiles/CMakeTmp'
Building C object CMakeFiles/cmTC_7cb0a.dir/CheckFunctionExists.c.o
/usr/bin/cc    -DCHECK_FUNCTION_EXISTS=pthread_create   -o CMakeFiles/cmTC_7cb0a.dir/CheckFunctionExists.c.o   -c /usr/share/cmake-3.5/Modules/CheckFunctionExists.c
Linking C executable cmTC_7cb0a
/usr/bin/cmake -E cmake_link_script CMakeFiles/cmTC_7cb0a.dir/link.txt --verbose=1
/usr/bin/cc   -DCHECK_FUNCTION_EXISTS=pthread_create    CMakeFiles/cmTC_7cb0a.dir/CheckFunctionExists.c.o  -o cmTC_7cb0a -rdynamic -lpthreads 
/usr/bin/ld: 找不到 -lpthreads
collect2: error: ld returned 1 exit status
CMakeFiles/cmTC_7cb0a.dir/build.make:97: recipe for target 'cmTC_7cb0a' failed
make[1]: *** [cmTC_7cb0a] Error 1
make[1]: Leaving directory '/home/yyg/code/lidarCode/build/CMakeFiles/CMakeTmp'
Makefile:126: recipe for target 'cmTC_7cb0a/fast' failed
make: *** [cmTC_7cb0a/fast] Error 2


